Start testing: Jun 15 22:32 CEST
----------------------------------------------------------
1/1 Testing: engine.unit_tests
1/1 Test: engine.unit_tests
Command: "/home/michal/zad5_2-miclesniak/build/unit_tests"
Directory: /home/michal/zad5_2-miclesniak/build/tests
"engine.unit_tests" start time: Jun 15 22:32 CEST
Output:
----------------------------------------------------------
[doctest] doctest version is "2.4.5"
[doctest] run with "--help" for options
===============================================================================
[doctest] test cases: 32 | 32 passed | 0 failed | 0 skipped
[doctest] assertions: 93 | 93 passed | 0 failed |
[doctest] Status: SUCCESS!
<end of output>
Test time =   0.00 sec
----------------------------------------------------------
Test Passed.
"engine.unit_tests" end time: Jun 15 22:32 CEST
"engine.unit_tests" time elapsed: 00:00:00
----------------------------------------------------------

End testing: Jun 15 22:32 CEST
